<?xml version="1.0" encoding="UTF-8"?>
<!-- Generated by org.testng.reporters.JUnitReportReporter -->
<testsuite hostname="INLEN8520042346" failures="0" tests="1" name="Testing.Reports" time="131.599" errors="0" timestamp="2022-04-15T15:06:00 IST" skipped="0">
  <testcase classname="Testing.Reports" name="search" time="131.599"/>
  <system-out/>
</testsuite> <!-- Testing.Reports -->
